#
# A fatal error has been detected by the Java Runtime Environment:
#
#  Internal Error (0xc0020001), pid=8484, tid=7504
#
# JRE version: 7.0_07-b11
# Java VM: Java HotSpot(TM) Client VM (23.3-b01 mixed mode, sharing windows-x86 )
# Problematic frame:
# C  [KERNELBASE.dll+0xc41f]  RaiseException+0x58
#
# Failed to write core dump. Minidumps are not enabled by default on client versions of Windows
#
# If you would like to submit a bug report, please visit:
#   http://bugreport.sun.com/bugreport/crash.jsp
# The crash happened outside the Java Virtual Machine in native code.
# See problematic frame for where to report the bug.
#

---------------  T H R E A D  ---------------

Current thread (0x0f577c00):  JavaThread "Thread-1" daemon [_thread_in_native, id=7504, stack(0x07ef0000,0x07ff0000)]

siginfo: ExceptionCode=0xc0020001, ExceptionInformation=0x8007042b 

Registers:
EAX=0x07fee8bc, EBX=0x34559320, ECX=0x00000001, EDX=0x00000000
ESP=0x07fee8bc, EBP=0x07fee90c, ESI=0x0761ae10, EDI=0x0f577c00
EIP=0x759dc41f, EFLAGS=0x00000202

Top of Stack: (sp=0x07fee8bc)
0x07fee8bc:   c0020001 00000001 00000000 759dc41f
0x07fee8cc:   00000001 8007042b 6a6ef574 07fee920
0x07fee8dc:   0f577c00 07fee938 6a721d21 3456ba86
0x07fee8ec:   3456ba86 093cec30 0000004a 0f577c00
0x07fee8fc:   00000000 345692a0 07fee934 6a76cfb7
0x07fee90c:   07fee928 6d9fd8c3 c0020001 00000001
0x07fee91c:   00000001 07fee924 8007042b 07fee938
0x07fee92c:   6d98c923 8007042b 34559320 07fee958 

Instructions: (pc=0x759dc41f)
0x759dc3ff:   02 50 ff 75 14 8d 45 c4 50 e8 05 ad 02 00 83 c4
0x759dc40f:   0c eb 03 89 45 c0 8d 45 b0 50 ff 15 5c 11 9d 75
0x759dc41f:   c9 c2 10 00 cc cc cc cc cc 8b ff 55 8b ec 56 8b
0x759dc42f:   75 08 83 fe f4 72 18 83 fe f6 77 13 8d 45 08 50 


Register to memory mapping:

EAX=0x07fee8bc is pointing into the stack for thread: 0x0f577c00
EBX=0x34559320 is an oop
{method} 
 - klass: {other class}
ECX=0x00000001 is an unknown value
EDX=0x00000000 is an unknown value
ESP=0x07fee8bc is pointing into the stack for thread: 0x0f577c00
EBP=0x07fee90c is pointing into the stack for thread: 0x0f577c00
ESI=0x0761ae10 is an unknown value
EDI=0x0f577c00 is a thread


Stack: [0x07ef0000,0x07ff0000],  sp=0x07fee8bc,  free space=1018k
Native frames: (J=compiled Java code, j=interpreted, Vv=VM code, C=native code)
C  [KERNELBASE.dll+0xc41f]  RaiseException+0x58
C  [mscorwks.dll+0x24d8c3]  GetAddrOfContractShutoffFlag+0x9649
C  [mscorwks.dll+0x1dc923]  DllUnregisterServerInternal+0x1dbac
C  [mscorwks.dll+0x1e6d]
j  flash.tools.debugger.__IProgress.setProgress(II)V+0
j  flash.tools.debugger.concrete.PlayerSessionManager.accept(Lflash/tools/debugger/concrete/ProcessListener;Lflash/tools/debugger/IProgress;)Lflash/tools/debugger/Session;+96
j  flash.tools.debugger.concrete.PlayerSessionManager.accept(Lflash/tools/debugger/IProgress;)Lflash/tools/debugger/Session;+3
v  ~StubRoutines::call_stub
